  [1m[35m (58.2ms)[0m  [1m[35mCREATE TABLE "schema_migrations" ("version" varchar NOT NULL PRIMARY KEY)[0m
  [1m[35m (0.3ms)[0m  [1m[35mCREATE TABLE "ar_internal_metadata" ("key" varchar NOT NULL PRIMARY KEY, "value" varchar, "created_at" datetime(6) NOT NULL, "updated_at" datetime(6) NOT NULL)[0m
  [1m[36mActiveRecord::InternalMetadata Load (0.2ms)[0m  [1m[34mSELECT * FROM "ar_internal_metadata" WHERE "ar_internal_metadata"."key" = ? ORDER BY "ar_internal_metadata"."key" ASC LIMIT 1[0m  [[nil, "environment"]]
  [1m[36mActiveRecord::InternalMetadata Create (1.0ms)[0m  [1m[32mINSERT INTO "ar_internal_metadata" ("key", "value", "created_at", "updated_at") VALUES ('environment', 'development', '2024-11-13 21:44:41.245580', '2024-11-13 21:44:41.245585') RETURNING "key"[0m
  [1m[36mActiveRecord::SchemaMigration Load (0.3ms)[0m  [1m[34mSELECT "schema_migrations"."version" FROM "schema_migrations" ORDER BY "schema_migrations"."version" ASC[0m
Migrating to CreateArticles (20241106203729)
  [1m[36mTRANSACTION (0.1ms)[0m  [1m[36mbegin transaction[0m
  [1m[35m (1.8ms)[0m  [1m[35mCREATE TABLE "articles" ("id" integer PRIMARY KEY AUTOINCREMENT NOT NULL, "title" varchar, "text" text, "created_at" datetime(6) NOT NULL, "updated_at" datetime(6) NOT NULL)[0m
  [1m[36mActiveRecord::SchemaMigration Create (0.4ms)[0m  [1m[32mINSERT INTO "schema_migrations" ("version") VALUES ('20241106203729') RETURNING "version"[0m
  [1m[36mTRANSACTION (1.4ms)[0m  [1m[36mcommit transaction[0m
Migrating to CreateComments (20241106204403)
  [1m[36mTRANSACTION (0.1ms)[0m  [1m[36mbegin transaction[0m
  [1m[35m (1.8ms)[0m  [1m[35mCREATE TABLE "comments" ("id" integer PRIMARY KEY AUTOINCREMENT NOT NULL, "commenter" varchar, "body" text, "article_id" integer NOT NULL, "created_at" datetime(6) NOT NULL, "updated_at" datetime(6) NOT NULL, CONSTRAINT "fk_rails_3bf61a60d3"
FOREIGN KEY ("article_id")
  REFERENCES "articles" ("id")
)[0m
  [1m[35m (0.2ms)[0m  [1m[35mCREATE INDEX "index_comments_on_article_id" ON "comments" ("article_id")[0m
  [1m[36mActiveRecord::SchemaMigration Create (0.2ms)[0m  [1m[32mINSERT INTO "schema_migrations" ("version") VALUES ('20241106204403') RETURNING "version"[0m
  [1m[36mTRANSACTION (0.9ms)[0m  [1m[36mcommit transaction[0m
  [1m[36mActiveRecord::SchemaMigration Load (0.1ms)[0m  [1m[34mSELECT "schema_migrations"."version" FROM "schema_migrations" ORDER BY "schema_migrations"."version" ASC[0m
Started GET "/" for 127.0.0.1 at 2024-11-13 15:45:35 -0600
  [1m[36mActiveRecord::SchemaMigration Load (8.1ms)[0m  [1m[34mSELECT "schema_migrations"."version" FROM "schema_migrations" ORDER BY "schema_migrations"."version" ASC[0m
Processing by WelcomeController#index as HTML
  Rendering public/406-unsupported-browser.html
  Rendered public/406-unsupported-browser.html (Duration: 39.2ms | GC: 0.0ms)
Filter chain halted as #<Proc:0x00007fef98499b68 /root/.rbenv/versions/3.1.2/lib/ruby/gems/3.1.0/gems/actionpack-7.2.2/lib/action_controller/metal/allow_browser.rb:48 (lambda)> rendered or redirected
Completed 406 Not Acceptable in 1222ms (Views: 393.4ms | ActiveRecord: 0.0ms (0 queries, 0 cached) | GC: 1.2ms)


Started GET "/" for 127.0.0.1 at 2024-11-13 15:53:17 -0600
  [1m[36mActiveRecord::SchemaMigration Load (0.3ms)[0m  [1m[34mSELECT "schema_migrations"."version" FROM "schema_migrations" ORDER BY "schema_migrations"."version" ASC[0m
Processing by WelcomeController#index as HTML
  Rendering layout layouts/application.html.erb
  Rendering welcome/index.html.erb within layouts/application
  Rendered welcome/index.html.erb within layouts/application (Duration: 1.7ms | GC: 0.2ms)
  Rendered layout layouts/application.html.erb (Duration: 1435.9ms | GC: 107.5ms)
Completed 200 OK in 1535ms (Views: 1446.7ms | ActiveRecord: 0.0ms (0 queries, 0 cached) | GC: 108.2ms)


  
ActionController::RoutingError (No route matches [GET] "/assets/freelancer.min.js"):
  
Started GET "/fonts/fontawesome-webfont.woff2?v=4.7.0" for 127.0.0.1 at 2024-11-13 15:53:19 -0600
  
ActionController::RoutingError (No route matches [GET] "/fonts/fontawesome-webfont.woff2"):
  
Started GET "/fonts/fontawesome-webfont.woff?v=4.7.0" for 127.0.0.1 at 2024-11-13 15:53:20 -0600
  
ActionController::RoutingError (No route matches [GET] "/fonts/fontawesome-webfont.woff"):
  
Started GET "/fonts/fontawesome-webfont.ttf?v=4.7.0" for 127.0.0.1 at 2024-11-13 15:53:20 -0600
  
ActionController::RoutingError (No route matches [GET] "/fonts/fontawesome-webfont.ttf"):
  
Started GET "/manifest.json" for 127.0.0.1 at 2024-11-13 15:53:21 -0600
Processing by Rails::PwaController#manifest as JSON
  Rendering pwa/manifest.json.erb
  Rendered pwa/manifest.json.erb (Duration: 0.5ms | GC: 0.0ms)
Completed 200 OK in 4ms (Views: 3.3ms | ActiveRecord: 0.0ms (0 queries, 0 cached) | GC: 0.0ms)


Started GET "/articles" for 127.0.0.1 at 2024-11-13 15:53:24 -0600
Processing by ArticlesController#index as HTML
  Rendering layout layouts/application.html.erb
  Rendering articles/index.html.erb within layouts/application
  [1m[36mArticle Load (2.3ms)[0m  [1m[34mSELECT "articles".* FROM "articles"[0m
  ↳ app/views/articles/index.html.erb:109
  Rendered articles/index.html.erb within layouts/application (Duration: 8.7ms | GC: 0.2ms)
  Rendered layout layouts/application.html.erb (Duration: 13.4ms | GC: 0.5ms)
Completed 200 OK in 111ms (Views: 12.0ms | ActiveRecord: 2.3ms (1 query, 0 cached) | GC: 2.6ms)


Started GET "/articles" for 127.0.0.1 at 2024-11-13 15:53:24 -0600
Processing by ArticlesController#index as HTML
  Rendering layout layouts/application.html.erb
  Rendering articles/index.html.erb within layouts/application
  [1m[36mArticle Load (0.1ms)[0m  [1m[34mSELECT "articles".* FROM "articles"[0m
  ↳ app/views/articles/index.html.erb:109
  Rendered articles/index.html.erb within layouts/application (Duration: 2.2ms | GC: 0.0ms)
  Rendered layout layouts/application.html.erb (Duration: 6.7ms | GC: 0.2ms)
Completed 200 OK in 8ms (Views: 7.1ms | ActiveRecord: 0.1ms (1 query, 0 cached) | GC: 0.2ms)


Started GET "/" for 127.0.0.1 at 2024-11-13 15:53:29 -0600
Processing by WelcomeController#index as HTML
  Rendering layout layouts/application.html.erb
  Rendering welcome/index.html.erb within layouts/application
  Rendered welcome/index.html.erb within layouts/application (Duration: 0.4ms | GC: 0.0ms)
  Rendered layout layouts/application.html.erb (Duration: 6.1ms | GC: 0.3ms)
Completed 200 OK in 8ms (Views: 7.6ms | ActiveRecord: 0.0ms (0 queries, 0 cached) | GC: 0.3ms)


  
ActionController::RoutingError (No route matches [GET] "/assets/freelancer.min.js"):
  
Started GET "/articles" for 127.0.0.1 at 2024-11-13 15:54:53 -0600
Processing by ArticlesController#index as HTML
  Rendering layout layouts/application.html.erb
  Rendering articles/index.html.erb within layouts/application
  [1m[36mArticle Load (0.2ms)[0m  [1m[34mSELECT "articles".* FROM "articles"[0m
  ↳ app/views/articles/index.html.erb:109
  Rendered articles/index.html.erb within layouts/application (Duration: 12.9ms | GC: 0.0ms)
  Rendered layout layouts/application.html.erb (Duration: 44.7ms | GC: 0.2ms)
Completed 200 OK in 60ms (Views: 45.1ms | ActiveRecord: 0.2ms (1 query, 0 cached) | GC: 0.3ms)


Started GET "/manifest.json" for 127.0.0.1 at 2024-11-13 15:54:53 -0600
Processing by Rails::PwaController#manifest as JSON
  Rendering pwa/manifest.json.erb
  Rendered pwa/manifest.json.erb (Duration: 0.3ms | GC: 0.0ms)
Completed 200 OK in 1ms (Views: 0.8ms | ActiveRecord: 0.0ms (0 queries, 0 cached) | GC: 0.0ms)


Started GET "/articles/new" for 127.0.0.1 at 2024-11-13 15:54:55 -0600
Processing by ArticlesController#new as HTML
  Rendering layout layouts/application.html.erb
  Rendering articles/new.html.erb within layouts/application
  Rendered articles/_form.html.erb (Duration: 35.8ms | GC: 0.8ms)
  Rendered articles/new.html.erb within layouts/application (Duration: 39.1ms | GC: 0.8ms)
  Rendered layout layouts/application.html.erb (Duration: 43.1ms | GC: 1.0ms)
Completed 200 OK in 425ms (Views: 44.7ms | ActiveRecord: 362.3ms (0 queries, 0 cached) | GC: 2.0ms)


Started POST "/articles" for 127.0.0.1 at 2024-11-13 15:55:28 -0600
Processing by ArticlesController#create as TURBO_STREAM
  Parameters: {"authenticity_token"=>"[FILTERED]", "article"=>{"title"=>"Harry Labreau", "text"=>"Ing telematica"}, "commit"=>"Create Article"}
  [1m[36mTRANSACTION (0.1ms)[0m  [1m[36mbegin transaction[0m
  ↳ app/controllers/articles_controller.rb:31:in `create'
  [1m[36mArticle Create (2.7ms)[0m  [1m[32mINSERT INTO "articles" ("title", "text", "created_at", "updated_at") VALUES (?, ?, ?, ?) RETURNING "id"[0m  [["title", "Harry Labreau"], ["text", "Ing telematica"], ["created_at", "2024-11-13 21:55:28.943602"], ["updated_at", "2024-11-13 21:55:28.943602"]]
  ↳ app/controllers/articles_controller.rb:31:in `create'
  [1m[36mTRANSACTION (5.3ms)[0m  [1m[36mcommit transaction[0m
  ↳ app/controllers/articles_controller.rb:31:in `create'
Redirected to http://127.0.0.1:3000/articles/1
Completed 302 Found in 28ms (ActiveRecord: 8.0ms (1 query, 0 cached) | GC: 0.5ms)


Started GET "/articles/1" for 127.0.0.1 at 2024-11-13 15:55:28 -0600
Processing by ArticlesController#show as TURBO_STREAM
  Parameters: {"id"=>"1"}
  [1m[36mArticle Load (0.2ms)[0m  [1m[34mSELECT "articles".* FROM "articles" WHERE "articles"."id" = ? LIMIT ?[0m  [["id", 1], ["LIMIT", 1]]
  ↳ app/controllers/articles_controller.rb:15:in `show'
  Rendering layout layouts/application.html.erb
  Rendering articles/show.html.erb within layouts/application
  [1m[36mComment Load (0.2ms)[0m  [1m[34mSELECT "comments".* FROM "comments" WHERE "comments"."article_id" = ?[0m  [["article_id", 1]]
  ↳ app/views/comments/_form.html.erb:21
  Rendered comments/_form.html.erb (Duration: 190.0ms | GC: 12.1ms)
  Rendered articles/show.html.erb within layouts/application (Duration: 192.8ms | GC: 12.1ms)
  Rendered layout layouts/application.html.erb (Duration: 196.1ms | GC: 12.3ms)
Completed 200 OK in 208ms (Views: 196.4ms | ActiveRecord: 0.7ms (2 queries, 0 cached) | GC: 12.7ms)


Started POST "/articles/1/comments" for 127.0.0.1 at 2024-11-13 15:55:44 -0600
Processing by CommentsController#create as TURBO_STREAM
  Parameters: {"authenticity_token"=>"[FILTERED]", "comment"=>{"commenter"=>"Ostia tio", "body"=>""}, "commit"=>"Add Comment", "article_id"=>"1"}
  [1m[36mArticle Load (0.2ms)[0m  [1m[34mSELECT "articles".* FROM "articles" WHERE "articles"."id" = ? LIMIT ?[0m  [["id", 1], ["LIMIT", 1]]
  ↳ app/controllers/comments_controller.rb:38:in `set_article'
  [1m[36mTRANSACTION (0.1ms)[0m  [1m[36mbegin transaction[0m
  ↳ app/controllers/comments_controller.rb:7:in `create'
  [1m[36mComment Create (3.7ms)[0m  [1m[32mINSERT INTO "comments" ("commenter", "body", "article_id", "created_at", "updated_at") VALUES (?, ?, ?, ?, ?) RETURNING "id"[0m  [["commenter", "Ostia tio"], ["body", ""], ["article_id", 1], ["created_at", "2024-11-13 21:55:44.724727"], ["updated_at", "2024-11-13 21:55:44.724727"]]
  ↳ app/controllers/comments_controller.rb:7:in `create'
  [1m[36mTRANSACTION (0.1ms)[0m  [1m[36mcommit transaction[0m
  ↳ app/controllers/comments_controller.rb:7:in `create'
Redirected to http://127.0.0.1:3000/articles/1
Completed 302 Found in 18ms (ActiveRecord: 4.0ms (2 queries, 0 cached) | GC: 0.5ms)


Started GET "/articles/1" for 127.0.0.1 at 2024-11-13 15:55:44 -0600
Processing by ArticlesController#show as TURBO_STREAM
  Parameters: {"id"=>"1"}
  [1m[36mArticle Load (0.1ms)[0m  [1m[34mSELECT "articles".* FROM "articles" WHERE "articles"."id" = ? LIMIT ?[0m  [["id", 1], ["LIMIT", 1]]
  ↳ app/controllers/articles_controller.rb:15:in `show'
  Rendering layout layouts/application.html.erb
  Rendering articles/show.html.erb within layouts/application
  [1m[36mComment Load (0.3ms)[0m  [1m[34mSELECT "comments".* FROM "comments" WHERE "comments"."article_id" = ?[0m  [["article_id", 1]]
  ↳ app/views/comments/_form.html.erb:21
  Rendered comments/_form.html.erb (Duration: 13.6ms | GC: 0.4ms)
  Rendered articles/show.html.erb within layouts/application (Duration: 14.4ms | GC: 0.4ms)
  Rendered layout layouts/application.html.erb (Duration: 18.9ms | GC: 0.7ms)
Completed 200 OK in 25ms (Views: 21.8ms | ActiveRecord: 0.4ms (2 queries, 0 cached) | GC: 0.9ms)


Started GET "/articles/1/comments/1/edit" for 127.0.0.1 at 2024-11-13 15:55:49 -0600
Processing by CommentsController#edit as HTML
  Parameters: {"article_id"=>"1", "id"=>"1"}
  [1m[36mArticle Load (0.2ms)[0m  [1m[34mSELECT "articles".* FROM "articles" WHERE "articles"."id" = ? LIMIT ?[0m  [["id", 1], ["LIMIT", 1]]
  ↳ app/controllers/comments_controller.rb:38:in `set_article'
  [1m[36mComment Load (0.2ms)[0m  [1m[34mSELECT "comments".* FROM "comments" WHERE "comments"."article_id" = ? AND "comments"."id" = ? LIMIT ?[0m  [["article_id", 1], ["id", 1], ["LIMIT", 1]]
  ↳ app/controllers/comments_controller.rb:42:in `set_comment'
  [1m[36mCACHE Comment Load (0.3ms)[0m  [1m[34mSELECT "comments".* FROM "comments" WHERE "comments"."article_id" = ? AND "comments"."id" = ? LIMIT ?[0m  [["article_id", 1], ["id", 1], ["LIMIT", 1]]
  ↳ app/controllers/comments_controller.rb:15:in `edit'
  Rendering layout layouts/application.html.erb
  Rendering comments/edit.html.erb within layouts/application
  Rendered comments/edit.html.erb within layouts/application (Duration: 4.1ms | GC: 0.0ms)
  Rendered layout layouts/application.html.erb (Duration: 8.6ms | GC: 0.2ms)
Completed 200 OK in 22ms (Views: 10.1ms | ActiveRecord: 0.8ms (3 queries, 1 cached) | GC: 0.8ms)


Started DELETE "/articles/1/comments" for 127.0.0.1 at 2024-11-13 15:55:53 -0600
  
ActionController::RoutingError (No route matches [DELETE] "/articles/1/comments"):
  
Started GET "/articles/1" for 127.0.0.1 at 2024-11-13 15:55:53 -0600
Processing by ArticlesController#show as HTML
  Parameters: {"id"=>"1"}
  [1m[36mArticle Load (0.2ms)[0m  [1m[34mSELECT "articles".* FROM "articles" WHERE "articles"."id" = ? LIMIT ?[0m  [["id", 1], ["LIMIT", 1]]
  ↳ app/controllers/articles_controller.rb:15:in `show'
  Rendering layout layouts/application.html.erb
  Rendering articles/show.html.erb within layouts/application
  [1m[36mComment Load (0.1ms)[0m  [1m[34mSELECT "comments".* FROM "comments" WHERE "comments"."article_id" = ?[0m  [["article_id", 1]]
  ↳ app/views/comments/_form.html.erb:21
  Rendered comments/_form.html.erb (Duration: 16.4ms | GC: 0.0ms)
  Rendered articles/show.html.erb within layouts/application (Duration: 29.0ms | GC: 0.0ms)
  Rendered layout layouts/application.html.erb (Duration: 33.7ms | GC: 0.5ms)
Completed 200 OK in 38ms (Views: 34.8ms | ActiveRecord: 0.3ms (2 queries, 0 cached) | GC: 0.5ms)


Started GET "/manifest.json" for 127.0.0.1 at 2024-11-13 15:55:53 -0600
Processing by Rails::PwaController#manifest as JSON
  Rendering pwa/manifest.json.erb
  Rendered pwa/manifest.json.erb (Duration: 2.3ms | GC: 0.0ms)
Completed 200 OK in 5ms (Views: 3.3ms | ActiveRecord: 0.0ms (0 queries, 0 cached) | GC: 0.0ms)


Started DELETE "/articles/1/comments" for 127.0.0.1 at 2024-11-13 15:55:56 -0600
  
ActionController::RoutingError (No route matches [DELETE] "/articles/1/comments"):
  
Started GET "/articles/1" for 127.0.0.1 at 2024-11-13 15:55:57 -0600
Processing by ArticlesController#show as HTML
  Parameters: {"id"=>"1"}
  [1m[36mArticle Load (0.1ms)[0m  [1m[34mSELECT "articles".* FROM "articles" WHERE "articles"."id" = ? LIMIT ?[0m  [["id", 1], ["LIMIT", 1]]
  ↳ app/controllers/articles_controller.rb:15:in `show'
  Rendering layout layouts/application.html.erb
  Rendering articles/show.html.erb within layouts/application
  [1m[36mComment Load (0.1ms)[0m  [1m[34mSELECT "comments".* FROM "comments" WHERE "comments"."article_id" = ?[0m  [["article_id", 1]]
  ↳ app/views/comments/_form.html.erb:21
  Rendered comments/_form.html.erb (Duration: 5.6ms | GC: 0.1ms)
  Rendered articles/show.html.erb within layouts/application (Duration: 6.3ms | GC: 0.1ms)
  Rendered layout layouts/application.html.erb (Duration: 9.9ms | GC: 0.3ms)
Completed 200 OK in 13ms (Views: 11.3ms | ActiveRecord: 0.2ms (2 queries, 0 cached) | GC: 0.3ms)


Started GET "/manifest.json" for 127.0.0.1 at 2024-11-13 15:55:57 -0600
Processing by Rails::PwaController#manifest as JSON
  Rendering pwa/manifest.json.erb
  Rendered pwa/manifest.json.erb (Duration: 0.3ms | GC: 0.0ms)
Completed 200 OK in 1ms (Views: 0.8ms | ActiveRecord: 0.0ms (0 queries, 0 cached) | GC: 0.0ms)


Started GET "/articles/1/comments/1/edit" for 127.0.0.1 at 2024-11-13 15:56:00 -0600
Processing by CommentsController#edit as HTML
  Parameters: {"article_id"=>"1", "id"=>"1"}
  [1m[36mArticle Load (0.1ms)[0m  [1m[34mSELECT "articles".* FROM "articles" WHERE "articles"."id" = ? LIMIT ?[0m  [["id", 1], ["LIMIT", 1]]
  ↳ app/controllers/comments_controller.rb:38:in `set_article'
  [1m[36mComment Load (0.2ms)[0m  [1m[34mSELECT "comments".* FROM "comments" WHERE "comments"."article_id" = ? AND "comments"."id" = ? LIMIT ?[0m  [["article_id", 1], ["id", 1], ["LIMIT", 1]]
  ↳ app/controllers/comments_controller.rb:42:in `set_comment'
  [1m[36mCACHE Comment Load (0.0ms)[0m  [1m[34mSELECT "comments".* FROM "comments" WHERE "comments"."article_id" = ? AND "comments"."id" = ? LIMIT ?[0m  [["article_id", 1], ["id", 1], ["LIMIT", 1]]
  ↳ app/controllers/comments_controller.rb:15:in `edit'
  Rendering layout layouts/application.html.erb
  Rendering comments/edit.html.erb within layouts/application
  Rendered comments/edit.html.erb within layouts/application (Duration: 2.4ms | GC: 0.0ms)
  Rendered layout layouts/application.html.erb (Duration: 5.6ms | GC: 0.2ms)
Completed 200 OK in 16ms (Views: 6.1ms | ActiveRecord: 0.3ms (3 queries, 1 cached) | GC: 0.3ms)


Started DELETE "/articles/1/comments/1" for 127.0.0.1 at 2024-11-13 15:56:02 -0600
Processing by CommentsController#destroy as TURBO_STREAM
  Parameters: {"authenticity_token"=>"[FILTERED]", "article_id"=>"1", "id"=>"1"}
  [1m[36mArticle Load (0.5ms)[0m  [1m[34mSELECT "articles".* FROM "articles" WHERE "articles"."id" = ? LIMIT ?[0m  [["id", 1], ["LIMIT", 1]]
  ↳ app/controllers/comments_controller.rb:38:in `set_article'
  [1m[36mComment Load (0.1ms)[0m  [1m[34mSELECT "comments".* FROM "comments" WHERE "comments"."article_id" = ? AND "comments"."id" = ? LIMIT ?[0m  [["article_id", 1], ["id", 1], ["LIMIT", 1]]
  ↳ app/controllers/comments_controller.rb:42:in `set_comment'
  [1m[36mTRANSACTION (0.1ms)[0m  [1m[36mbegin transaction[0m
  ↳ app/controllers/comments_controller.rb:31:in `destroy'
  [1m[36mComment Destroy (2.0ms)[0m  [1m[31mDELETE FROM "comments" WHERE "comments"."id" = ?[0m  [["id", 1]]
  ↳ app/controllers/comments_controller.rb:31:in `destroy'
  [1m[36mTRANSACTION (0.7ms)[0m  [1m[36mcommit transaction[0m
  ↳ app/controllers/comments_controller.rb:31:in `destroy'
Redirected to http://127.0.0.1:3000/articles/1
Completed 302 Found in 16ms (ActiveRecord: 3.4ms (3 queries, 0 cached) | GC: 0.3ms)


Started GET "/articles/1" for 127.0.0.1 at 2024-11-13 15:56:02 -0600
Processing by ArticlesController#show as TURBO_STREAM
  Parameters: {"id"=>"1"}
  [1m[36mArticle Load (0.2ms)[0m  [1m[34mSELECT "articles".* FROM "articles" WHERE "articles"."id" = ? LIMIT ?[0m  [["id", 1], ["LIMIT", 1]]
  ↳ app/controllers/articles_controller.rb:15:in `show'
  Rendering layout layouts/application.html.erb
  Rendering articles/show.html.erb within layouts/application
  [1m[36mComment Load (0.1ms)[0m  [1m[34mSELECT "comments".* FROM "comments" WHERE "comments"."article_id" = ?[0m  [["article_id", 1]]
  ↳ app/views/comments/_form.html.erb:21
  Rendered comments/_form.html.erb (Duration: 9.8ms | GC: 0.0ms)
  Rendered articles/show.html.erb within layouts/application (Duration: 10.8ms | GC: 0.0ms)
  Rendered layout layouts/application.html.erb (Duration: 15.6ms | GC: 0.3ms)
Completed 200 OK in 19ms (Views: 16.2ms | ActiveRecord: 0.2ms (2 queries, 0 cached) | GC: 0.4ms)


Started DELETE "/articles/1/comments" for 127.0.0.1 at 2024-11-13 15:56:06 -0600
  
ActionController::RoutingError (No route matches [DELETE] "/articles/1/comments"):
  
Started GET "/articles/1" for 127.0.0.1 at 2024-11-13 15:56:07 -0600
Processing by ArticlesController#show as HTML
  Parameters: {"id"=>"1"}
  [1m[36mArticle Load (0.1ms)[0m  [1m[34mSELECT "articles".* FROM "articles" WHERE "articles"."id" = ? LIMIT ?[0m  [["id", 1], ["LIMIT", 1]]
  ↳ app/controllers/articles_controller.rb:15:in `show'
  Rendering layout layouts/application.html.erb
  Rendering articles/show.html.erb within layouts/application
  [1m[36mComment Load (0.2ms)[0m  [1m[34mSELECT "comments".* FROM "comments" WHERE "comments"."article_id" = ?[0m  [["article_id", 1]]
  ↳ app/views/comments/_form.html.erb:21
  Rendered comments/_form.html.erb (Duration: 4.2ms | GC: 0.2ms)
  Rendered articles/show.html.erb within layouts/application (Duration: 4.8ms | GC: 0.2ms)
  Rendered layout layouts/application.html.erb (Duration: 9.4ms | GC: 0.4ms)
Completed 200 OK in 24ms (Views: 21.4ms | ActiveRecord: 0.2ms (2 queries, 0 cached) | GC: 0.4ms)


Started GET "/manifest.json" for 127.0.0.1 at 2024-11-13 15:56:07 -0600
Processing by Rails::PwaController#manifest as JSON
  Rendering pwa/manifest.json.erb
  Rendered pwa/manifest.json.erb (Duration: 0.8ms | GC: 0.0ms)
Completed 200 OK in 3ms (Views: 2.2ms | ActiveRecord: 0.0ms (0 queries, 0 cached) | GC: 0.0ms)


Started POST "/articles/1/comments" for 127.0.0.1 at 2024-11-13 15:56:19 -0600
Processing by CommentsController#create as TURBO_STREAM
  Parameters: {"authenticity_token"=>"[FILTERED]", "comment"=>{"commenter"=>"Ostia", "body"=>"brrrr"}, "commit"=>"Add Comment", "article_id"=>"1"}
  [1m[36mArticle Load (0.6ms)[0m  [1m[34mSELECT "articles".* FROM "articles" WHERE "articles"."id" = ? LIMIT ?[0m  [["id", 1], ["LIMIT", 1]]
  ↳ app/controllers/comments_controller.rb:38:in `set_article'
  [1m[36mTRANSACTION (0.2ms)[0m  [1m[36mbegin transaction[0m
  ↳ app/controllers/comments_controller.rb:7:in `create'
  [1m[36mComment Create (3.7ms)[0m  [1m[32mINSERT INTO "comments" ("commenter", "body", "article_id", "created_at", "updated_at") VALUES (?, ?, ?, ?, ?) RETURNING "id"[0m  [["commenter", "Ostia"], ["body", "brrrr"], ["article_id", 1], ["created_at", "2024-11-13 21:56:19.943311"], ["updated_at", "2024-11-13 21:56:19.943311"]]
  ↳ app/controllers/comments_controller.rb:7:in `create'
  [1m[36mTRANSACTION (0.6ms)[0m  [1m[36mcommit transaction[0m
  ↳ app/controllers/comments_controller.rb:7:in `create'
Redirected to http://127.0.0.1:3000/articles/1
Completed 302 Found in 17ms (ActiveRecord: 4.7ms (2 queries, 0 cached) | GC: 0.4ms)


Started GET "/articles/1" for 127.0.0.1 at 2024-11-13 15:56:19 -0600
Processing by ArticlesController#show as TURBO_STREAM
  Parameters: {"id"=>"1"}
  [1m[36mArticle Load (0.5ms)[0m  [1m[34mSELECT "articles".* FROM "articles" WHERE "articles"."id" = ? LIMIT ?[0m  [["id", 1], ["LIMIT", 1]]
  ↳ app/controllers/articles_controller.rb:15:in `show'
  Rendering layout layouts/application.html.erb
  Rendering articles/show.html.erb within layouts/application
  [1m[36mComment Load (0.1ms)[0m  [1m[34mSELECT "comments".* FROM "comments" WHERE "comments"."article_id" = ?[0m  [["article_id", 1]]
  ↳ app/views/comments/_form.html.erb:21
  Rendered comments/_form.html.erb (Duration: 8.2ms | GC: 0.4ms)
  Rendered articles/show.html.erb within layouts/application (Duration: 12.7ms | GC: 0.4ms)
  Rendered layout layouts/application.html.erb (Duration: 21.1ms | GC: 1.3ms)
Completed 200 OK in 30ms (Views: 22.2ms | ActiveRecord: 0.2ms (2 queries, 0 cached) | GC: 1.3ms)


Started GET "/articles/1/comments/2/edit" for 127.0.0.1 at 2024-11-13 15:56:26 -0600
Processing by CommentsController#edit as HTML
  Parameters: {"article_id"=>"1", "id"=>"2"}
  [1m[36mArticle Load (0.1ms)[0m  [1m[34mSELECT "articles".* FROM "articles" WHERE "articles"."id" = ? LIMIT ?[0m  [["id", 1], ["LIMIT", 1]]
  ↳ app/controllers/comments_controller.rb:38:in `set_article'
  [1m[36mComment Load (0.1ms)[0m  [1m[34mSELECT "comments".* FROM "comments" WHERE "comments"."article_id" = ? AND "comments"."id" = ? LIMIT ?[0m  [["article_id", 1], ["id", 2], ["LIMIT", 1]]
  ↳ app/controllers/comments_controller.rb:42:in `set_comment'
  [1m[36mCACHE Comment Load (0.0ms)[0m  [1m[34mSELECT "comments".* FROM "comments" WHERE "comments"."article_id" = ? AND "comments"."id" = ? LIMIT ?[0m  [["article_id", 1], ["id", 2], ["LIMIT", 1]]
  ↳ app/controllers/comments_controller.rb:15:in `edit'
  Rendering layout layouts/application.html.erb
  Rendering comments/edit.html.erb within layouts/application
  Rendered comments/edit.html.erb within layouts/application (Duration: 6.6ms | GC: 0.0ms)
  Rendered layout layouts/application.html.erb (Duration: 10.6ms | GC: 0.2ms)
Completed 200 OK in 26ms (Views: 11.3ms | ActiveRecord: 0.3ms (3 queries, 1 cached) | GC: 0.5ms)


Started GET "/articles/1/comments/2/edit" for 127.0.0.1 at 2024-11-13 15:56:36 -0600
Processing by CommentsController#edit as HTML
  Parameters: {"article_id"=>"1", "id"=>"2"}
  [1m[36mArticle Load (0.2ms)[0m  [1m[34mSELECT "articles".* FROM "articles" WHERE "articles"."id" = ? LIMIT ?[0m  [["id", 1], ["LIMIT", 1]]
  ↳ app/controllers/comments_controller.rb:38:in `set_article'
  [1m[36mComment Load (0.5ms)[0m  [1m[34mSELECT "comments".* FROM "comments" WHERE "comments"."article_id" = ? AND "comments"."id" = ? LIMIT ?[0m  [["article_id", 1], ["id", 2], ["LIMIT", 1]]
  ↳ app/controllers/comments_controller.rb:42:in `set_comment'
  [1m[36mCACHE Comment Load (0.0ms)[0m  [1m[34mSELECT "comments".* FROM "comments" WHERE "comments"."article_id" = ? AND "comments"."id" = ? LIMIT ?[0m  [["article_id", 1], ["id", 2], ["LIMIT", 1]]
  ↳ app/controllers/comments_controller.rb:15:in `edit'
  Rendering layout layouts/application.html.erb
  Rendering comments/edit.html.erb within layouts/application
  Rendered comments/edit.html.erb within layouts/application (Duration: 2.4ms | GC: 0.0ms)
  Rendered layout layouts/application.html.erb (Duration: 7.7ms | GC: 0.2ms)
Completed 200 OK in 25ms (Views: 8.7ms | ActiveRecord: 0.7ms (3 queries, 1 cached) | GC: 0.4ms)


Started DELETE "/articles/1/comments/2" for 127.0.0.1 at 2024-11-13 15:56:36 -0600
Processing by CommentsController#destroy as TURBO_STREAM
  Parameters: {"authenticity_token"=>"[FILTERED]", "article_id"=>"1", "id"=>"2"}
  [1m[36mArticle Load (0.1ms)[0m  [1m[34mSELECT "articles".* FROM "articles" WHERE "articles"."id" = ? LIMIT ?[0m  [["id", 1], ["LIMIT", 1]]
  ↳ app/controllers/comments_controller.rb:38:in `set_article'
  [1m[36mComment Load (0.1ms)[0m  [1m[34mSELECT "comments".* FROM "comments" WHERE "comments"."article_id" = ? AND "comments"."id" = ? LIMIT ?[0m  [["article_id", 1], ["id", 2], ["LIMIT", 1]]
  ↳ app/controllers/comments_controller.rb:42:in `set_comment'
  [1m[36mTRANSACTION (0.1ms)[0m  [1m[36mbegin transaction[0m
  ↳ app/controllers/comments_controller.rb:31:in `destroy'
  [1m[36mComment Destroy (1.2ms)[0m  [1m[31mDELETE FROM "comments" WHERE "comments"."id" = ?[0m  [["id", 2]]
  ↳ app/controllers/comments_controller.rb:31:in `destroy'
  [1m[36mTRANSACTION (0.1ms)[0m  [1m[36mcommit transaction[0m
  ↳ app/controllers/comments_controller.rb:31:in `destroy'
Redirected to http://127.0.0.1:3000/articles/1
Completed 302 Found in 13ms (ActiveRecord: 1.6ms (3 queries, 0 cached) | GC: 0.6ms)


Started GET "/articles/1" for 127.0.0.1 at 2024-11-13 15:56:36 -0600
Processing by ArticlesController#show as TURBO_STREAM
  Parameters: {"id"=>"1"}
  [1m[36mArticle Load (0.1ms)[0m  [1m[34mSELECT "articles".* FROM "articles" WHERE "articles"."id" = ? LIMIT ?[0m  [["id", 1], ["LIMIT", 1]]
  ↳ app/controllers/articles_controller.rb:15:in `show'
  Rendering layout layouts/application.html.erb
  Rendering articles/show.html.erb within layouts/application
  [1m[36mComment Load (0.1ms)[0m  [1m[34mSELECT "comments".* FROM "comments" WHERE "comments"."article_id" = ?[0m  [["article_id", 1]]
  ↳ app/views/comments/_form.html.erb:21
  Rendered comments/_form.html.erb (Duration: 7.2ms | GC: 0.0ms)
  Rendered articles/show.html.erb within layouts/application (Duration: 8.2ms | GC: 0.2ms)
  Rendered layout layouts/application.html.erb (Duration: 12.2ms | GC: 0.2ms)
Completed 200 OK in 16ms (Views: 13.5ms | ActiveRecord: 0.2ms (2 queries, 0 cached) | GC: 0.5ms)


Started POST "/articles/1/comments" for 127.0.0.1 at 2024-11-13 15:56:48 -0600
Processing by CommentsController#create as TURBO_STREAM
  Parameters: {"authenticity_token"=>"[FILTERED]", "comment"=>{"commenter"=>"dfsdf", "body"=>"sdfsdfsdf"}, "commit"=>"Add Comment", "article_id"=>"1"}
  [1m[36mArticle Load (0.1ms)[0m  [1m[34mSELECT "articles".* FROM "articles" WHERE "articles"."id" = ? LIMIT ?[0m  [["id", 1], ["LIMIT", 1]]
  ↳ app/controllers/comments_controller.rb:38:in `set_article'
  [1m[36mTRANSACTION (0.1ms)[0m  [1m[36mbegin transaction[0m
  ↳ app/controllers/comments_controller.rb:7:in `create'
  [1m[36mComment Create (2.4ms)[0m  [1m[32mINSERT INTO "comments" ("commenter", "body", "article_id", "created_at", "updated_at") VALUES (?, ?, ?, ?, ?) RETURNING "id"[0m  [["commenter", "dfsdf"], ["body", "sdfsdfsdf"], ["article_id", 1], ["created_at", "2024-11-13 21:56:48.027077"], ["updated_at", "2024-11-13 21:56:48.027077"]]
  ↳ app/controllers/comments_controller.rb:7:in `create'
  [1m[36mTRANSACTION (1.3ms)[0m  [1m[36mcommit transaction[0m
  ↳ app/controllers/comments_controller.rb:7:in `create'
Redirected to http://127.0.0.1:3000/articles/1
Completed 302 Found in 18ms (ActiveRecord: 3.8ms (2 queries, 0 cached) | GC: 0.5ms)


Started GET "/articles/1" for 127.0.0.1 at 2024-11-13 15:56:48 -0600
Processing by ArticlesController#show as TURBO_STREAM
  Parameters: {"id"=>"1"}
  [1m[36mArticle Load (0.1ms)[0m  [1m[34mSELECT "articles".* FROM "articles" WHERE "articles"."id" = ? LIMIT ?[0m  [["id", 1], ["LIMIT", 1]]
  ↳ app/controllers/articles_controller.rb:15:in `show'
  Rendering layout layouts/application.html.erb
  Rendering articles/show.html.erb within layouts/application
  [1m[36mComment Load (0.1ms)[0m  [1m[34mSELECT "comments".* FROM "comments" WHERE "comments"."article_id" = ?[0m  [["article_id", 1]]
  ↳ app/views/comments/_form.html.erb:21
  Rendered comments/_form.html.erb (Duration: 12.0ms | GC: 0.2ms)
  Rendered articles/show.html.erb within layouts/application (Duration: 14.0ms | GC: 0.2ms)
  Rendered layout layouts/application.html.erb (Duration: 28.1ms | GC: 0.2ms)
Completed 200 OK in 35ms (Views: 29.2ms | ActiveRecord: 0.3ms (2 queries, 0 cached) | GC: 0.5ms)


Started GET "/articles/1/comments/3/edit" for 127.0.0.1 at 2024-11-13 15:56:51 -0600
Processing by CommentsController#edit as HTML
  Parameters: {"article_id"=>"1", "id"=>"3"}
  [1m[36mArticle Load (0.1ms)[0m  [1m[34mSELECT "articles".* FROM "articles" WHERE "articles"."id" = ? LIMIT ?[0m  [["id", 1], ["LIMIT", 1]]
  ↳ app/controllers/comments_controller.rb:38:in `set_article'
  [1m[36mComment Load (0.3ms)[0m  [1m[34mSELECT "comments".* FROM "comments" WHERE "comments"."article_id" = ? AND "comments"."id" = ? LIMIT ?[0m  [["article_id", 1], ["id", 3], ["LIMIT", 1]]
  ↳ app/controllers/comments_controller.rb:42:in `set_comment'
  [1m[36mCACHE Comment Load (0.0ms)[0m  [1m[34mSELECT "comments".* FROM "comments" WHERE "comments"."article_id" = ? AND "comments"."id" = ? LIMIT ?[0m  [["article_id", 1], ["id", 3], ["LIMIT", 1]]
  ↳ app/controllers/comments_controller.rb:15:in `edit'
  Rendering layout layouts/application.html.erb
  Rendering comments/edit.html.erb within layouts/application
  Rendered comments/edit.html.erb within layouts/application (Duration: 4.8ms | GC: 0.6ms)
  Rendered layout layouts/application.html.erb (Duration: 15.7ms | GC: 1.5ms)
Completed 200 OK in 32ms (Views: 17.3ms | ActiveRecord: 0.4ms (3 queries, 1 cached) | GC: 1.9ms)


Started PATCH "/articles/1/comments/3" for 127.0.0.1 at 2024-11-13 15:57:18 -0600
Processing by CommentsController#update as TURBO_STREAM
  Parameters: {"authenticity_token"=>"[FILTERED]", "comment"=>{"commenter"=>"Mi blog", "body"=>"57257258"}, "commit"=>"Update Comment", "article_id"=>"1", "id"=>"3"}
  [1m[36mArticle Load (0.2ms)[0m  [1m[34mSELECT "articles".* FROM "articles" WHERE "articles"."id" = ? LIMIT ?[0m  [["id", 1], ["LIMIT", 1]]
  ↳ app/controllers/comments_controller.rb:38:in `set_article'
  [1m[36mComment Load (0.1ms)[0m  [1m[34mSELECT "comments".* FROM "comments" WHERE "comments"."article_id" = ? AND "comments"."id" = ? LIMIT ?[0m  [["article_id", 1], ["id", 3], ["LIMIT", 1]]
  ↳ app/controllers/comments_controller.rb:42:in `set_comment'
  [1m[36mCACHE Comment Load (0.0ms)[0m  [1m[34mSELECT "comments".* FROM "comments" WHERE "comments"."article_id" = ? AND "comments"."id" = ? LIMIT ?[0m  [["article_id", 1], ["id", 3], ["LIMIT", 1]]
  ↳ app/controllers/comments_controller.rb:20:in `update'
  [1m[36mTRANSACTION (0.1ms)[0m  [1m[36mbegin transaction[0m
  ↳ app/controllers/comments_controller.rb:22:in `update'
  [1m[36mComment Update (1.9ms)[0m  [1m[33mUPDATE "comments" SET "commenter" = ?, "body" = ?, "updated_at" = ? WHERE "comments"."id" = ?[0m  [["commenter", "Mi blog"], ["body", "57257258"], ["updated_at", "2024-11-13 21:57:18.030043"], ["id", 3]]
  ↳ app/controllers/comments_controller.rb:22:in `update'
  [1m[36mTRANSACTION (0.1ms)[0m  [1m[36mcommit transaction[0m
  ↳ app/controllers/comments_controller.rb:22:in `update'
Redirected to http://127.0.0.1:3000/articles/1
Completed 302 Found in 15ms (ActiveRecord: 2.3ms (4 queries, 1 cached) | GC: 0.9ms)


Started GET "/articles/1" for 127.0.0.1 at 2024-11-13 15:57:18 -0600
Processing by ArticlesController#show as TURBO_STREAM
  Parameters: {"id"=>"1"}
  [1m[36mArticle Load (0.1ms)[0m  [1m[34mSELECT "articles".* FROM "articles" WHERE "articles"."id" = ? LIMIT ?[0m  [["id", 1], ["LIMIT", 1]]
  ↳ app/controllers/articles_controller.rb:15:in `show'
  Rendering layout layouts/application.html.erb
  Rendering articles/show.html.erb within layouts/application
  [1m[36mComment Load (0.1ms)[0m  [1m[34mSELECT "comments".* FROM "comments" WHERE "comments"."article_id" = ?[0m  [["article_id", 1]]
  ↳ app/views/comments/_form.html.erb:21
  Rendered comments/_form.html.erb (Duration: 13.7ms | GC: 0.4ms)
  Rendered articles/show.html.erb within layouts/application (Duration: 20.9ms | GC: 0.4ms)
  Rendered layout layouts/application.html.erb (Duration: 38.8ms | GC: 0.4ms)
Completed 200 OK in 48ms (Views: 40.2ms | ActiveRecord: 0.3ms (2 queries, 0 cached) | GC: 0.9ms)


Started GET "/articles/1" for 127.0.0.1 at 2024-11-13 15:57:18 -0600
Processing by ArticlesController#show as HTML
  Parameters: {"id"=>"1"}
  [1m[36mArticle Load (0.3ms)[0m  [1m[34mSELECT "articles".* FROM "articles" WHERE "articles"."id" = ? LIMIT ?[0m  [["id", 1], ["LIMIT", 1]]
  ↳ app/controllers/articles_controller.rb:15:in `show'
  Rendering layout layouts/application.html.erb
  Rendering articles/show.html.erb within layouts/application
  [1m[36mComment Load (0.1ms)[0m  [1m[34mSELECT "comments".* FROM "comments" WHERE "comments"."article_id" = ?[0m  [["article_id", 1]]
  ↳ app/views/comments/_form.html.erb:21
  Rendered comments/_form.html.erb (Duration: 14.8ms | GC: 0.0ms)
  Rendered articles/show.html.erb within layouts/application (Duration: 16.8ms | GC: 0.4ms)
  Rendered layout layouts/application.html.erb (Duration: 22.6ms | GC: 0.5ms)
Completed 200 OK in 32ms (Views: 23.5ms | ActiveRecord: 0.4ms (2 queries, 0 cached) | GC: 0.5ms)


Started GET "/articles" for 127.0.0.1 at 2024-11-13 15:57:27 -0600
Processing by ArticlesController#index as HTML
  Rendering layout layouts/application.html.erb
  Rendering articles/index.html.erb within layouts/application
  [1m[36mArticle Load (0.1ms)[0m  [1m[34mSELECT "articles".* FROM "articles"[0m
  ↳ app/views/articles/index.html.erb:109
  Rendered articles/index.html.erb within layouts/application (Duration: 7.1ms | GC: 0.2ms)
  Rendered layout layouts/application.html.erb (Duration: 15.8ms | GC: 0.2ms)
Completed 200 OK in 18ms (Views: 16.9ms | ActiveRecord: 0.1ms (1 query, 0 cached) | GC: 0.2ms)


Started GET "/articles/new" for 127.0.0.1 at 2024-11-13 15:57:27 -0600
Processing by ArticlesController#new as HTML
  Rendering layout layouts/application.html.erb
  Rendering articles/new.html.erb within layouts/application
  Rendered articles/_form.html.erb (Duration: 3.1ms | GC: 0.4ms)
  Rendered articles/new.html.erb within layouts/application (Duration: 3.8ms | GC: 0.4ms)
  Rendered layout layouts/application.html.erb (Duration: 9.6ms | GC: 0.6ms)
Completed 200 OK in 11ms (Views: 10.1ms | ActiveRecord: 0.0ms (0 queries, 0 cached) | GC: 0.6ms)


Started GET "/" for 127.0.0.1 at 2024-11-13 15:57:38 -0600
Processing by WelcomeController#index as HTML
  Rendering layout layouts/application.html.erb
  Rendering welcome/index.html.erb within layouts/application
  Rendered welcome/index.html.erb within layouts/application (Duration: 0.3ms | GC: 0.0ms)
  Rendered layout layouts/application.html.erb (Duration: 4.0ms | GC: 0.2ms)
Completed 200 OK in 5ms (Views: 4.5ms | ActiveRecord: 0.0ms (0 queries, 0 cached) | GC: 0.2ms)


Started GET "/fonts/fontawesome-webfont.woff2?v=4.7.0" for 127.0.0.1 at 2024-11-13 15:57:38 -0600
  
ActionController::RoutingError (No route matches [GET] "/fonts/fontawesome-webfont.woff2"):
  
Started GET "/fonts/fontawesome-webfont.woff?v=4.7.0" for 127.0.0.1 at 2024-11-13 15:57:38 -0600
  
ActionController::RoutingError (No route matches [GET] "/fonts/fontawesome-webfont.woff"):
  
  
ActionController::RoutingError (No route matches [GET] "/assets/freelancer.min.js"):
  
Started GET "/fonts/fontawesome-webfont.ttf?v=4.7.0" for 127.0.0.1 at 2024-11-13 15:57:39 -0600
  
ActionController::RoutingError (No route matches [GET] "/fonts/fontawesome-webfont.ttf"):
  
Started GET "/articles" for 127.0.0.1 at 2024-11-13 15:58:04 -0600
Processing by ArticlesController#index as HTML
  Rendering layout layouts/application.html.erb
  Rendering articles/index.html.erb within layouts/application
  [1m[36mArticle Load (0.1ms)[0m  [1m[34mSELECT "articles".* FROM "articles"[0m
  ↳ app/views/articles/index.html.erb:109
  Rendered articles/index.html.erb within layouts/application (Duration: 2.2ms | GC: 0.0ms)
  Rendered layout layouts/application.html.erb (Duration: 5.1ms | GC: 0.1ms)
Completed 200 OK in 6ms (Views: 5.4ms | ActiveRecord: 0.1ms (1 query, 0 cached) | GC: 0.1ms)


Started GET "/articles/new" for 127.0.0.1 at 2024-11-13 15:58:07 -0600
Processing by ArticlesController#new as HTML
  Rendering layout layouts/application.html.erb
  Rendering articles/new.html.erb within layouts/application
  Rendered articles/_form.html.erb (Duration: 3.3ms | GC: 0.0ms)
  Rendered articles/new.html.erb within layouts/application (Duration: 3.8ms | GC: 0.0ms)
  Rendered layout layouts/application.html.erb (Duration: 8.5ms | GC: 0.1ms)
Completed 200 OK in 10ms (Views: 9.4ms | ActiveRecord: 0.0ms (0 queries, 0 cached) | GC: 0.1ms)


Started GET "/articles/1/edit" for 127.0.0.1 at 2024-11-13 15:58:09 -0600
Processing by ArticlesController#edit as HTML
  Parameters: {"id"=>"1"}
  [1m[36mArticle Load (0.1ms)[0m  [1m[34mSELECT "articles".* FROM "articles" WHERE "articles"."id" = ? LIMIT ?[0m  [["id", 1], ["LIMIT", 1]]
  ↳ app/controllers/articles_controller.rb:11:in `edit'
  Rendering layout layouts/application.html.erb
  Rendering articles/edit.html.erb within layouts/application
  Rendered articles/_form.html.erb (Duration: 3.7ms | GC: 0.4ms)
  Rendered articles/edit.html.erb within layouts/application (Duration: 4.6ms | GC: 0.4ms)
  Rendered layout layouts/application.html.erb (Duration: 12.0ms | GC: 0.7ms)
Completed 200 OK in 16ms (Views: 12.7ms | ActiveRecord: 0.1ms (1 query, 0 cached) | GC: 0.7ms)


Started GET "/articles/1" for 127.0.0.1 at 2024-11-13 15:58:10 -0600
Processing by ArticlesController#show as HTML
  Parameters: {"id"=>"1"}
  [1m[36mArticle Load (0.1ms)[0m  [1m[34mSELECT "articles".* FROM "articles" WHERE "articles"."id" = ? LIMIT ?[0m  [["id", 1], ["LIMIT", 1]]
  ↳ app/controllers/articles_controller.rb:15:in `show'
  Rendering layout layouts/application.html.erb
  Rendering articles/show.html.erb within layouts/application
  [1m[36mComment Load (0.1ms)[0m  [1m[34mSELECT "comments".* FROM "comments" WHERE "comments"."article_id" = ?[0m  [["article_id", 1]]
  ↳ app/views/comments/_form.html.erb:21
  Rendered comments/_form.html.erb (Duration: 15.1ms | GC: 0.4ms)
  Rendered articles/show.html.erb within layouts/application (Duration: 16.3ms | GC: 0.4ms)
  Rendered layout layouts/application.html.erb (Duration: 22.2ms | GC: 0.6ms)
Completed 200 OK in 32ms (Views: 22.7ms | ActiveRecord: 0.2ms (2 queries, 0 cached) | GC: 0.9ms)


Started GET "/articles" for 127.0.0.1 at 2024-11-13 15:58:15 -0600
Processing by ArticlesController#index as HTML
  Rendering layout layouts/application.html.erb
  Rendering articles/index.html.erb within layouts/application
  [1m[36mArticle Load (0.1ms)[0m  [1m[34mSELECT "articles".* FROM "articles"[0m
  ↳ app/views/articles/index.html.erb:109
  Rendered articles/index.html.erb within layouts/application (Duration: 3.5ms | GC: 0.2ms)
  Rendered layout layouts/application.html.erb (Duration: 7.6ms | GC: 0.3ms)
Completed 200 OK in 9ms (Views: 8.3ms | ActiveRecord: 0.1ms (1 query, 0 cached) | GC: 0.3ms)


Started GET "/articles" for 127.0.0.1 at 2024-11-13 15:58:17 -0600
Processing by ArticlesController#index as HTML
  Rendering layout layouts/application.html.erb
  Rendering articles/index.html.erb within layouts/application
  [1m[36mArticle Load (0.1ms)[0m  [1m[34mSELECT "articles".* FROM "articles"[0m
  ↳ app/views/articles/index.html.erb:109
  Rendered articles/index.html.erb within layouts/application (Duration: 2.9ms | GC: 0.0ms)
  Rendered layout layouts/application.html.erb (Duration: 8.2ms | GC: 0.3ms)
Completed 200 OK in 10ms (Views: 8.7ms | ActiveRecord: 0.1ms (1 query, 0 cached) | GC: 0.4ms)


Started GET "/articles/new" for 127.0.0.1 at 2024-11-13 15:58:17 -0600
Processing by ArticlesController#new as HTML
  Rendering layout layouts/application.html.erb
  Rendering articles/new.html.erb within layouts/application
  Rendered articles/_form.html.erb (Duration: 1.6ms | GC: 0.0ms)
  Rendered articles/new.html.erb within layouts/application (Duration: 2.1ms | GC: 0.0ms)
  Rendered layout layouts/application.html.erb (Duration: 9.0ms | GC: 0.5ms)
Completed 200 OK in 11ms (Views: 9.8ms | ActiveRecord: 0.0ms (0 queries, 0 cached) | GC: 0.5ms)


Started GET "/articles/1/edit" for 127.0.0.1 at 2024-11-13 15:58:18 -0600
Processing by ArticlesController#edit as HTML
  Parameters: {"id"=>"1"}
  [1m[36mArticle Load (0.2ms)[0m  [1m[34mSELECT "articles".* FROM "articles" WHERE "articles"."id" = ? LIMIT ?[0m  [["id", 1], ["LIMIT", 1]]
  ↳ app/controllers/articles_controller.rb:11:in `edit'
  Rendering layout layouts/application.html.erb
  Rendering articles/edit.html.erb within layouts/application
  Rendered articles/_form.html.erb (Duration: 1.9ms | GC: 0.4ms)
  Rendered articles/edit.html.erb within layouts/application (Duration: 2.5ms | GC: 0.4ms)
  Rendered layout layouts/application.html.erb (Duration: 11.2ms | GC: 0.4ms)
Completed 200 OK in 20ms (Views: 13.2ms | ActiveRecord: 0.2ms (1 query, 0 cached) | GC: 0.4ms)


Started GET "/articles/1/edit" for 127.0.0.1 at 2024-11-13 15:58:23 -0600
Processing by ArticlesController#edit as HTML
  Parameters: {"id"=>"1"}
  [1m[36mArticle Load (0.1ms)[0m  [1m[34mSELECT "articles".* FROM "articles" WHERE "articles"."id" = ? LIMIT ?[0m  [["id", 1], ["LIMIT", 1]]
  ↳ app/controllers/articles_controller.rb:11:in `edit'
  Rendering layout layouts/application.html.erb
  Rendering articles/edit.html.erb within layouts/application
  Rendered articles/_form.html.erb (Duration: 1.5ms | GC: 0.0ms)
  Rendered articles/edit.html.erb within layouts/application (Duration: 1.8ms | GC: 0.0ms)
  Rendered layout layouts/application.html.erb (Duration: 6.2ms | GC: 0.2ms)
Completed 200 OK in 9ms (Views: 7.2ms | ActiveRecord: 0.1ms (1 query, 0 cached) | GC: 0.4ms)


Started GET "/" for 127.0.0.1 at 2024-11-13 15:58:30 -0600
Processing by WelcomeController#index as HTML
  Rendering layout layouts/application.html.erb
  Rendering welcome/index.html.erb within layouts/application
  Rendered welcome/index.html.erb within layouts/application (Duration: 0.3ms | GC: 0.0ms)
  Rendered layout layouts/application.html.erb (Duration: 3.6ms | GC: 0.3ms)
Completed 200 OK in 5ms (Views: 4.0ms | ActiveRecord: 0.0ms (0 queries, 0 cached) | GC: 0.5ms)


  
ActionController::RoutingError (No route matches [GET] "/assets/freelancer.min.js"):
  
